
> toolslify@1.0.0 dev
> next dev --hostname 127.0.0.1 --port 3000

▲ Next.js 16.2.1 (Turbopack)
- Local:         http://127.0.0.1:3000
- Network:       http://127.0.0.1:3000
✓ Ready in 1010ms
Creating turbopack project {
  dir: 'C:\\Users\\monis\\OneDrive\\Pictures\\Documents\\toolslify',
  testMode: true
}

 GET / 200 in 2.3s (next.js: 765ms, application-code: 1553ms)
 GET /tools/ai-humanizer 200 in 2.7s (next.js: 1116ms, generate-params: 1035ms, application-code: 1549ms)
 GET / 200 in 726ms (next.js: 13ms, application-code: 712ms)
 GET /manifest.webmanifest 200 in 383ms (next.js: 318ms, application-code: 65ms)
 GET /tools/ai-humanizer 200 in 313ms (next.js: 40ms, generate-params: 23ms, application-code: 274ms)
 GET /manifest.webmanifest 200 in 25ms (next.js: 6ms, application-code: 19ms)
 GET /manifest.webmanifest 200 in 23ms (next.js: 7ms, application-code: 16ms)
 GET /tools/assignment-answer-generator 200 in 301ms (next.js: 23ms, generate-params: 15ms, application-code: 278ms)
 GET /manifest.webmanifest 200 in 31ms (next.js: 13ms, application-code: 18ms)
 GET /manifest.webmanifest 200 in 36ms (next.js: 17ms, application-code: 19ms)
 GET /tools/ai-humanizer 200 in 1331ms (next.js: 29ms, generate-params: 19ms, application-code: 1301ms)
✓ Compiled in 685ms
✓ Compiled in 491ms
 GET /tools/assignment-answer-generator 200 in 2.7s (next.js: 486ms, generate-params: 18ms, application-code: 2.2s)
 GET /tools/assignment-answer-generator 200 in 1919ms (next.js: 12ms, generate-params: 134µs, application-code: 1907ms)
 GET /manifest.webmanifest 200 in 27ms (next.js: 8ms, application-code: 19ms)
 GET /tools/assignment-answer-generator 500 in 926ms (next.js: 535ms, application-code: 391ms)
 GET /tools/assignment-answer-generator 500 in 58ms (next.js: 18ms, application-code: 39ms)
 GET /tools/assignment-answer-generator 500 in 174ms (next.js: 31ms, application-code: 143ms)
 GET /tools/assignment-answer-generator 500 in 202ms (next.js: 169ms, application-code: 33ms)
 GET /favicon.ico 500 in 55ms
✓ Compiled in 529ms
 GET /tools/assignment-answer-generator 200 in 1728ms (next.js: 384ms, generate-params: 18ms, application-code: 1344ms)
 GET /manifest.webmanifest 200 in 231ms (next.js: 198ms, application-code: 33ms)
✓ Compiled in 213ms
 GET /tools/assignment-answer-generator 200 in 347ms (next.js: 29ms, generate-params: 18ms, application-code: 319ms)
 GET /manifest.webmanifest 200 in 21ms (next.js: 6ms, application-code: 15ms)
✓ Compiled in 206ms
 GET /tools/assignment-answer-generator 200 in 1755ms (next.js: 458ms, generate-params: 19ms, application-code: 1298ms)
 GET /manifest.webmanifest 200 in 32ms (next.js: 9ms, application-code: 23ms)
 GET /tools/assignment-answer-generator 200 in 1450ms (next.js: 427ms, generate-params: 19ms, application-code: 1023ms)
 GET /tools/assignment-answer-generator 200 in 607ms (next.js: 10ms, generate-params: 139µs, application-code: 598ms)
 GET /tools/assignment-answer-generator 200 in 323ms (next.js: 16ms, generate-params: 197µs, application-code: 308ms)
 GET /manifest.webmanifest 200 in 20ms (next.js: 6ms, application-code: 13ms)
 GET /tools/assignment-answer-generator 200 in 1643ms (next.js: 40ms, generate-params: 26ms, application-code: 1603ms)
 GET /manifest.webmanifest 200 in 27ms (next.js: 7ms, application-code: 19ms)
 GET / 200 in 1270ms (next.js: 868ms, application-code: 402ms)
 GET /manifest.webmanifest 200 in 26ms (next.js: 9ms, application-code: 17ms)
 GET / 200 in 1062ms (next.js: 7ms, application-code: 1055ms)
 GET /tools 200 in 750ms (next.js: 119ms, application-code: 632ms)
 GET /tools/pdf-all-format-converter 200 in 325ms (next.js: 35ms, generate-params: 23ms, application-code: 290ms)
 GET /manifest.webmanifest 200 in 22ms (next.js: 9ms, application-code: 13ms)
✓ Compiled in 308ms
 GET /tools/pdf-all-format-converter 200 in 2.2s (next.js: 469ms, generate-params: 22ms, application-code: 1742ms)
 GET /manifest.webmanifest 200 in 29ms (next.js: 15ms, application-code: 13ms)
✓ Compiled in 792ms
 GET /tools/pdf-all-format-converter 200 in 2.3s (next.js: 395ms, generate-params: 16ms, application-code: 1870ms)
 GET /tools/pdf-all-format-converter 200 in 376ms (next.js: 37ms, generate-params: 14ms, application-code: 339ms)
 GET /manifest.webmanifest 200 in 207ms (next.js: 181ms, application-code: 26ms)
 GET /tools/pdf-all-format-converter 200 in 1808ms (next.js: 5ms, generate-params: 46µs, application-code: 1803ms)
✓ Compiled in 362ms
✓ Compiled in 380ms
 GET /tools/pdf-all-format-converter 200 in 880ms (next.js: 448ms, generate-params: 25ms, application-code: 432ms)
 GET /manifest.webmanifest 200 in 23ms (next.js: 6ms, application-code: 16ms)
 GET /tools/pdf-all-format-converter 500 in 84ms (next.js: 25ms, application-code: 59ms)
 GET /tools/pdf-all-format-converter 500 in 46ms (next.js: 16ms, application-code: 30ms)
 GET /tools/pdf-all-format-converter 500 in 63ms (next.js: 19ms, application-code: 45ms)
 GET /tools/pdf-all-format-converter 500 in 76ms (next.js: 30ms, application-code: 46ms)
 GET /tools/pdf-all-format-converter 500 in 123ms (next.js: 76ms, application-code: 47ms)
 GET /favicon.ico 500 in 55ms
✓ Compiled in 507ms
 GET /manifest.webmanifest 200 in 198ms (next.js: 169ms, application-code: 29ms)
 GET /tools/pdf-all-format-converter 200 in 2.7s (next.js: 451ms, generate-params: 20ms, application-code: 2.2s)
 GET /tools/pdf-all-format-converter 200 in 2.2s (next.js: 368ms, generate-params: 15ms, application-code: 1800ms)
 GET /tools/pdf-all-format-converter 200 in 1439ms (next.js: 10ms, generate-params: 51µs, application-code: 1429ms)
 GET /tools/pdf-all-format-converter 200 in 1470ms (next.js: 779ms, generate-params: 61µs, application-code: 691ms)
 GET /tools/pdf-all-format-converter 200 in 1482ms (next.js: 272ms, generate-params: 57µs, application-code: 1210ms)
 GET /tools/pdf-all-format-converter 200 in 1756ms (next.js: 545ms, generate-params: 66µs, application-code: 1211ms)
 GET /tools/pdf-all-format-converter 200 in 1767ms (next.js: 20ms, generate-params: 98µs, application-code: 1747ms)
 GET /tools/pdf-all-format-converter 200 in 1834ms (next.js: 28ms, generate-params: 14ms, application-code: 1806ms)
 GET /tools/pdf-all-format-converter 200 in 1524ms (next.js: 15ms, generate-params: 51µs, application-code: 1510ms)
 GET /tools/pdf-all-format-converter 200 in 1512ms (next.js: 353ms, generate-params: 61µs, application-code: 1159ms)
 GET /tools/pdf-all-format-converter 200 in 942ms (next.js: 30ms, generate-params: 16ms, application-code: 912ms)
 GET /tools/pdf-all-format-converter 200 in 1527ms (next.js: 13ms, generate-params: 64µs, application-code: 1514ms)
 GET /tools/pdf-all-format-converter 200 in 1250ms (next.js: 266ms, generate-params: 60µs, application-code: 984ms)
 GET /tools/pdf-all-format-converter 200 in 1741ms (next.js: 10ms, generate-params: 46µs, application-code: 1731ms)
 GET /tools/pdf-all-format-converter 200 in 1451ms (next.js: 35ms, generate-params: 19ms, application-code: 1416ms)
 GET /tools/pdf-all-format-converter 200 in 1427ms (next.js: 13ms, generate-params: 92µs, application-code: 1414ms)
 GET /tools/pdf-all-format-converter 200 in 1497ms (next.js: 237ms, generate-params: 80µs, application-code: 1260ms)
 GET /tools/pdf-all-format-converter 200 in 1052ms (next.js: 38ms, generate-params: 15ms, application-code: 1014ms)
 GET /tools/pdf-all-format-converter 200 in 1793ms (next.js: 287ms, generate-params: 100µs, application-code: 1506ms)
 GET /tools/pdf-all-format-converter 200 in 1778ms (next.js: 9ms, generate-params: 46µs, application-code: 1769ms)
 GET /tools/pdf-all-format-converter 200 in 1386ms (next.js: 10ms, generate-params: 52µs, application-code: 1376ms)
 GET /tools/pdf-all-format-converter 200 in 1452ms (next.js: 34ms, generate-params: 14ms, application-code: 1418ms)
 GET /tools/pdf-all-format-converter 200 in 1187ms (next.js: 15ms, generate-params: 53µs, application-code: 1172ms)
 GET /tools/pdf-all-format-converter 200 in 1459ms (next.js: 244ms, generate-params: 51µs, application-code: 1214ms)
 GET /tools/pdf-all-format-converter 200 in 1474ms (next.js: 478ms, generate-params: 54µs, application-code: 996ms)
 GET /tools/pdf-all-format-converter 200 in 3.0s (next.js: 33ms, generate-params: 18ms, application-code: 2.9s)
 GET /tools/pdf-all-format-converter 200 in 2.6s (next.js: 16ms, generate-params: 80µs, application-code: 2.6s)
 GET /tools/pdf-all-format-converter 200 in 2.6s (next.js: 17ms, generate-params: 67µs, application-code: 2.6s)
 GET /tools/pdf-all-format-converter 200 in 2.3s (next.js: 56ms, generate-params: 13ms, application-code: 2.2s)
 GET /tools/pdf-all-format-converter 200 in 1897ms (next.js: 956ms, generate-params: 51µs, application-code: 941ms)
 GET /tools/pdf-all-format-converter 200 in 2.3s (next.js: 974ms, generate-params: 76µs, application-code: 1358ms)
 GET /tools/pdf-all-format-converter 200 in 1737ms (next.js: 23ms, generate-params: 12ms, application-code: 1715ms)
 GET /tools/pdf-all-format-converter 200 in 1473ms (next.js: 9ms, generate-params: 66µs, application-code: 1464ms)
 GET /tools/pdf-all-format-converter 200 in 1559ms (next.js: 19ms, generate-params: 111µs, application-code: 1540ms)
 GET /tools/pdf-all-format-converter 200 in 1560ms (next.js: 262ms, generate-params: 53µs, application-code: 1298ms)
 GET /tools/pdf-all-format-converter 200 in 1082ms (next.js: 40ms, generate-params: 17ms, application-code: 1042ms)
 GET /tools/pdf-all-format-converter 200 in 818ms (next.js: 12ms, generate-params: 180µs, application-code: 806ms)
 GET /tools/pdf-all-format-converter 200 in 533ms (next.js: 13ms, generate-params: 89µs, application-code: 520ms)
✓ Compiled in 193ms
 GET /tools/pdf-all-format-converter 200 in 1800ms (next.js: 393ms, generate-params: 81µs, application-code: 1407ms)
 GET /tools/pdf-all-format-converter 200 in 1751ms (next.js: 1426ms, generate-params: 58µs, application-code: 325ms)
 GET /tools/pdf-all-format-converter 200 in 1813ms (next.js: 1230ms, generate-params: 82µs, application-code: 583ms)
 GET /tools/pdf-all-format-converter 200 in 1798ms (next.js: 121ms, generate-params: 12ms, application-code: 1677ms)
 GET /tools/pdf-all-format-converter 200 in 1804ms (next.js: 663ms, generate-params: 89µs, application-code: 1140ms)
 GET /tools/pdf-all-format-converter 200 in 1885ms (next.js: 1007ms, generate-params: 88µs, application-code: 878ms)
 GET /tools/pdf-all-format-converter 200 in 1808ms (next.js: 39ms, generate-params: 19ms, application-code: 1768ms)
 GET /tools/pdf-all-format-converter 200 in 1805ms (next.js: 612ms, generate-params: 107µs, application-code: 1194ms)
 GET /tools/pdf-all-format-converter 200 in 1812ms (next.js: 326ms, generate-params: 40µs, application-code: 1486ms)
 GET /tools/pdf-all-format-converter 200 in 1507ms (next.js: 544ms, generate-params: 109µs, application-code: 963ms)
 GET /tools/pdf-all-format-converter 200 in 979ms (next.js: 290ms, generate-params: 14ms, application-code: 689ms)
 GET /tools/pdf-all-format-converter 200 in 767ms (next.js: 14ms, generate-params: 86µs, application-code: 753ms)
 GET /tools/pdf-all-format-converter 404 in 1418ms (next.js: 836ms, application-code: 582ms)
 GET /tools/pdf-all-format-converter 404 in 1773ms (next.js: 942ms, application-code: 831ms)
 GET /tools/pdf-all-format-converter 404 in 1252ms (next.js: 810ms, application-code: 442ms)
 GET /tools/pdf-all-format-converter 404 in 1259ms (next.js: 1070ms, application-code: 189ms)
 GET /tools/pdf-all-format-converter 404 in 1269ms (next.js: 791ms, application-code: 478ms)
 GET /tools/pdf-all-format-converter 404 in 1253ms (next.js: 930ms, application-code: 323ms)
 GET /tools/pdf-all-format-converter 404 in 1248ms (next.js: 1056ms, application-code: 192ms)
 GET /tools/pdf-all-format-converter 404 in 1304ms (next.js: 61ms, application-code: 1243ms)
 GET /tools/pdf-all-format-converter 200 in 3.2s (next.js: 33ms, generate-params: 60µs, application-code: 3.1s)
 GET /tools/pdf-all-format-converter 200 in 3.5s (next.js: 39ms, generate-params: 19ms, application-code: 3.5s)
 GET /manifest.webmanifest 200 in 175ms (next.js: 153ms, application-code: 23ms)
✓ Compiled in 301ms
 GET /tools/pdf-all-format-converter 200 in 3.1s (next.js: 1174ms, generate-params: 809ms, application-code: 1942ms)
 GET /tools/pdf-all-format-converter 200 in 1706ms (next.js: 22ms, generate-params: 14ms, application-code: 1684ms)
 GET /tools/pdf-all-format-converter 200 in 1477ms (next.js: 9ms, generate-params: 84µs, application-code: 1468ms)
 GET /tools/pdf-all-format-converter 200 in 1187ms (next.js: 438ms, generate-params: 57µs, application-code: 749ms)
 GET /tools/pdf-all-format-converter 200 in 1196ms (next.js: 11ms, generate-params: 42µs, application-code: 1185ms)
 GET /tools/pdf-all-format-converter 200 in 1200ms (next.js: 226ms, generate-params: 52µs, application-code: 974ms)
 GET /tools/pdf-all-format-converter 500 in 2.0s (next.js: 1834ms, application-code: 199ms)
 GET /tools/pdf-all-format-converter 500 in 2.1s (next.js: 1911ms, application-code: 166ms)
 GET /tools/pdf-all-format-converter 500 in 1998ms (next.js: 1857ms, application-code: 141ms)
 GET /tools/pdf-all-format-converter 500 in 1997ms (next.js: 1883ms, application-code: 114ms)
 GET /tools/pdf-all-format-converter 500 in 2.0s (next.js: 1924ms, application-code: 78ms)
 GET /tools/pdf-all-format-converter 500 in 2.1s (next.js: 2.0s, application-code: 41ms)
 GET /tools/pdf-all-format-converter 500 in 279ms (next.js: 86ms, application-code: 192ms)
 GET /tools/pdf-all-format-converter 500 in 281ms (next.js: 111ms, application-code: 170ms)
 GET /tools/pdf-all-format-converter 500 in 281ms (next.js: 131ms, application-code: 150ms)
 GET /tools/pdf-all-format-converter 500 in 281ms (next.js: 167ms, application-code: 114ms)
 GET /tools/pdf-all-format-converter 500 in 282ms (next.js: 200ms, application-code: 82ms)
 GET /tools/pdf-all-format-converter 500 in 282ms (next.js: 229ms, application-code: 52ms)
 GET /tools/pdf-all-format-converter 500 in 412ms (next.js: 212ms, application-code: 199ms)
 GET /tools/pdf-all-format-converter 500 in 415ms (next.js: 242ms, application-code: 173ms)
 GET /tools/pdf-all-format-converter 500 in 415ms (next.js: 277ms, application-code: 138ms)
 GET /tools/pdf-all-format-converter 500 in 416ms (next.js: 307ms, application-code: 109ms)
 GET /tools/pdf-all-format-converter 500 in 416ms (next.js: 336ms, application-code: 80ms)
 GET /tools/pdf-all-format-converter 500 in 417ms (next.js: 368ms, application-code: 48ms)
✓ Compiled in 685ms
 GET /manifest.webmanifest 200 in 212ms (next.js: 181ms, application-code: 31ms)
 GET /tools/pdf-all-format-converter 200 in 2.9s (next.js: 423ms, generate-params: 17ms, application-code: 2.5s)
✓ Compiled in 308ms
 GET /manifest.webmanifest 200 in 25ms (next.js: 10ms, application-code: 15ms)
 GET /tools/pdf-all-format-converter 200 in 1700ms (next.js: 408ms, generate-params: 14ms, application-code: 1292ms)
✓ Compiled in 208ms
 GET /tools/pdf-all-format-converter 200 in 1635ms (next.js: 473ms, generate-params: 19ms, application-code: 1162ms)
 GET /manifest.webmanifest 200 in 17ms (next.js: 6ms, application-code: 11ms)
✓ Compiled in 537ms
✓ Compiled in 288ms
 GET /manifest.webmanifest 200 in 27ms (next.js: 15ms, application-code: 12ms)
 GET /tools/pdf-all-format-converter 200 in 1843ms (next.js: 419ms, generate-params: 19ms, application-code: 1424ms)
✓ Compiled in 207ms
 GET /tools/pdf-all-format-converter 200 in 1481ms (next.js: 393ms, generate-params: 15ms, application-code: 1088ms)
 GET /manifest.webmanifest 200 in 18ms (next.js: 6ms, application-code: 12ms)
✓ Compiled in 292ms
 GET /manifest.webmanifest 200 in 242ms (next.js: 53ms, application-code: 189ms)
 GET /tools/pdf-all-format-converter 200 in 2.8s (next.js: 492ms, generate-params: 19ms, application-code: 2.3s)
✓ Compiled in 337ms
 GET /tools/pdf-all-format-converter 200 in 2.3s (next.js: 514ms, generate-params: 19ms, application-code: 1785ms)
 GET /manifest.webmanifest 200 in 36ms (next.js: 11ms, application-code: 25ms)
✓ Compiled in 289ms
 GET /manifest.webmanifest 200 in 35ms (next.js: 13ms, application-code: 22ms)
 GET /tools/pdf-all-format-converter 200 in 2.4s (next.js: 455ms, generate-params: 19ms, application-code: 1910ms)
✓ Compiled in 244ms
 GET /tools/pdf-all-format-converter 200 in 1908ms (next.js: 411ms, generate-params: 19ms, application-code: 1497ms)
 GET /manifest.webmanifest 200 in 25ms (next.js: 8ms, application-code: 17ms)
✓ Compiled in 289ms
 GET /manifest.webmanifest 200 in 22ms (next.js: 8ms, application-code: 14ms)
 GET /tools/pdf-all-format-converter 200 in 1676ms (next.js: 1172ms, generate-params: 79µs, application-code: 505ms)
 GET /tools/pdf-all-format-converter 200 in 2.6s (next.js: 421ms, generate-params: 21ms, application-code: 2.2s)
 GET /tools/pdf-all-format-converter 200 in 1722ms (next.js: 16ms, generate-params: 60µs, application-code: 1706ms)
 GET /tools/ai-humanizer 200 in 723ms (next.js: 27ms, generate-params: 18ms, application-code: 696ms)
 GET / 200 in 1780ms (next.js: 513ms, application-code: 1268ms)
 GET / 200 in 375ms (next.js: 10ms, application-code: 365ms)
 GET /manifest.webmanifest 200 in 20ms (next.js: 5ms, application-code: 15ms)
 GET /tools 200 in 605ms (next.js: 380ms, application-code: 225ms)
 GET /manifest.webmanifest 200 in 23ms (next.js: 7ms, application-code: 16ms)
 GET / 200 in 111ms (next.js: 9ms, application-code: 102ms)
 GET /manifest.webmanifest 200 in 15ms (next.js: 5ms, application-code: 10ms)
 GET /tools/voice-note-to-text 200 in 336ms (next.js: 30ms, generate-params: 20ms, application-code: 306ms)
 GET /manifest.webmanifest 200 in 14ms (next.js: 5ms, application-code: 9ms)
 POST /api/tool/voice-note-to-text 200 in 1817ms (next.js: 1782ms, application-code: 35ms)
 GET /tools/meeting-notes-summary 200 in 287ms (next.js: 29ms, generate-params: 18ms, application-code: 258ms)
 GET /manifest.webmanifest 200 in 22ms (next.js: 7ms, application-code: 15ms)
✓ Compiled in 479ms
 GET /tools/meeting-notes-summary 200 in 2.8s (next.js: 366ms, generate-params: 14ms, application-code: 2.5s)
 GET /tools/pdf-all-format-converter 200 in 2.1s (next.js: 34ms, generate-params: 125µs, application-code: 2.1s)
 GET /tools/meeting-notes-summary 200 in 354ms (next.js: 59ms, generate-params: 19ms, application-code: 295ms)
 GET /tools/meeting-notes-summary 200 in 1905ms (next.js: 19ms, generate-params: 49µs, application-code: 1885ms)
 GET /tools/pdf-all-format-converter 200 in 1905ms (next.js: 258ms, generate-params: 66µs, application-code: 1647ms)
 GET /manifest.webmanifest 200 in 13ms (next.js: 5ms, application-code: 8ms)
 GET /manifest.webmanifest 200 in 19ms (next.js: 7ms, application-code: 12ms)
 GET /tools/meeting-notes-summary 200 in 1593ms (next.js: 1337ms, generate-params: 57µs, application-code: 255ms)
 GET /tools/pdf-all-format-converter 200 in 2.6s (next.js: 336ms, generate-params: 17ms, application-code: 2.2s)
 GET /tools/pdf-all-format-converter 200 in 1604ms (next.js: 1138ms, generate-params: 74µs, application-code: 467ms)
 GET /tools/meeting-notes-summary 200 in 2.6s (next.js: 681ms, generate-params: 69µs, application-code: 1894ms)
 GET /manifest.webmanifest 200 in 18ms (next.js: 7ms, application-code: 11ms)
 GET /manifest.webmanifest 200 in 14ms (next.js: 6ms, application-code: 8ms)
 GET /tools/meeting-notes-summary 200 in 1731ms (next.js: 13ms, generate-params: 61µs, application-code: 1718ms)
 GET /tools/pdf-all-format-converter 200 in 1735ms (next.js: 196ms, generate-params: 95µs, application-code: 1538ms)
✓ Compiled in 264ms
 GET /tools/pdf-all-format-converter 200 in 1555ms (next.js: 481ms, generate-params: 85µs, application-code: 1074ms)
 GET /tools/pdf-all-format-converter 200 in 2.5s (next.js: 358ms, generate-params: 14ms, application-code: 2.2s)
 GET /tools/meeting-notes-summary 200 in 2.5s (next.js: 684ms, generate-params: 49µs, application-code: 1853ms)
 GET /manifest.webmanifest 200 in 15ms (next.js: 6ms, application-code: 9ms)
 GET /manifest.webmanifest 200 in 12ms (next.js: 5ms, application-code: 8ms)
 GET /tools/pdf-all-format-converter 200 in 1668ms (next.js: 240ms, generate-params: 107µs, application-code: 1428ms)
 GET /tools/meeting-notes-summary 200 in 1680ms (next.js: 18ms, generate-params: 55µs, application-code: 1662ms)
 GET /tools/meeting-notes-summary 200 in 748ms (next.js: 29ms, generate-params: 19ms, application-code: 719ms)
 GET /manifest.webmanifest 200 in 19ms (next.js: 7ms, application-code: 12ms)
 GET /tools/voice-note-to-text 200 in 555ms (next.js: 48ms, generate-params: 27ms, application-code: 507ms)
 GET /manifest.webmanifest 200 in 32ms (next.js: 14ms, application-code: 19ms)
 GET / 200 in 452ms (next.js: 330ms, application-code: 122ms)
 GET /manifest.webmanifest 200 in 20ms (next.js: 9ms, application-code: 11ms)
✓ Compiled in 279ms
 GET / 200 in 1834ms (next.js: 217ms, application-code: 1616ms)
 GET / 200 in 1123ms (next.js: 66ms, application-code: 1057ms)
 GET /tools/pdf-all-format-converter 200 in 180ms (next.js: 33ms, generate-params: 15ms, application-code: 147ms)
 GET /tools/pdf-all-format-converter 200 in 1715ms (next.js: 187ms, generate-params: 9ms, application-code: 1528ms)
 GET / 200 in 1362ms (next.js: 10ms, application-code: 1351ms)
 GET /tools/pdf-all-format-converter 200 in 1006ms (next.js: 47ms, generate-params: 48µs, application-code: 959ms)
 GET /manifest.webmanifest 200 in 16ms (next.js: 4ms, application-code: 11ms)
 GET /manifest.webmanifest 200 in 11ms (next.js: 4ms, application-code: 7ms)
✓ Compiled in 200ms
 GET /manifest.webmanifest 200 in 20ms (next.js: 10ms, application-code: 10ms)
 GET /tools/pdf-all-format-converter 200 in 1204ms (next.js: 309ms, generate-params: 14ms, application-code: 895ms)
✓ Compiled in 298ms
 GET / 200 in 1560ms (next.js: 262ms, application-code: 1298ms)
 GET /manifest.webmanifest 200 in 21ms (next.js: 10ms, application-code: 11ms)
 GET / 200 in 1272ms (next.js: 10ms, application-code: 1263ms)
 GET /tools/pdf-all-format-converter 200 in 770ms (next.js: 323ms, generate-params: 16ms, application-code: 447ms)
 GET /manifest.webmanifest 200 in 19ms (next.js: 6ms, application-code: 14ms)
✓ Compiled in 292ms
 GET / 200 in 705ms (next.js: 7ms, application-code: 698ms)
 GET /tools/pdf-all-format-converter 200 in 604ms (next.js: 276ms, generate-params: 12ms, application-code: 328ms)
 GET /manifest.webmanifest 200 in 15ms (next.js: 4ms, application-code: 10ms)
 GET /manifest.webmanifest 200 in 14ms (next.js: 5ms, application-code: 9ms)
✓ Compiled in 204ms
 GET / 200 in 105ms (next.js: 8ms, application-code: 97ms)
 GET /manifest.webmanifest 200 in 13ms (next.js: 5ms, application-code: 8ms)
 GET /tools/pdf-all-format-converter 200 in 632ms (next.js: 269ms, generate-params: 13ms, application-code: 362ms)
 GET /manifest.webmanifest 200 in 18ms (next.js: 7ms, application-code: 11ms)
✓ Compiled in 165ms
 GET / 200 in 1590ms (next.js: 257ms, application-code: 1333ms)
 GET / 200 in 1178ms (next.js: 7ms, application-code: 1171ms)
 GET /tools/pdf-all-format-converter 200 in 664ms (next.js: 328ms, generate-params: 13ms, application-code: 336ms)
 GET /manifest.webmanifest 200 in 11ms (next.js: 5ms, application-code: 6ms)
 GET /manifest.webmanifest 200 in 13ms (next.js: 4ms, application-code: 9ms)
 GET /tools/ai-humanizer 200 in 1158ms (next.js: 15ms, generate-params: 10ms, application-code: 1143ms)
 GET /tools/ai-humanizer 200 in 514ms (next.js: 22ms, generate-params: 13ms, application-code: 493ms)
 GET /tools/ai-humanizer 200 in 462ms (next.js: 28ms, generate-params: 13ms, application-code: 434ms)
 GET /tools/ai-humanizer 200 in 427ms (next.js: 18ms, generate-params: 12ms, application-code: 409ms)
✓ Compiled in 262ms
 GET / 200 in 1595ms (next.js: 280ms, application-code: 1315ms)
 GET / 200 in 1085ms (next.js: 11ms, application-code: 1073ms)
 GET /tools/pdf-all-format-converter 200 in 1127ms (next.js: 725ms, generate-params: 13ms, application-code: 402ms)
 GET /manifest.webmanifest 200 in 15ms (next.js: 5ms, application-code: 10ms)
 GET /manifest.webmanifest 200 in 12ms (next.js: 4ms, application-code: 7ms)
 GET /tools/ai-humanizer 200 in 801ms (next.js: 20ms, generate-params: 13ms, application-code: 781ms)
 GET / 200 in 164ms (next.js: 6ms, application-code: 159ms)
 GET /manifest.webmanifest 200 in 10ms (next.js: 4ms, application-code: 6ms)
 GET /tools/assignment-answer-generator 200 in 188ms (next.js: 18ms, generate-params: 13ms, application-code: 170ms)
 GET /manifest.webmanifest 200 in 13ms (next.js: 4ms, application-code: 9ms)
 GET /tools 200 in 249ms (next.js: 149ms, application-code: 99ms)
 GET /manifest.webmanifest 200 in 16ms (next.js: 9ms, application-code: 7ms)
✓ Compiled in 381ms
✓ Compiled in 826ms
 GET /tools 200 in 2.6s (next.js: 449ms, application-code: 2.1s)
 GET /tools 200 in 248ms (next.js: 131ms, application-code: 116ms)
 GET /manifest.webmanifest 200 in 749ms (next.js: 722ms, application-code: 27ms)
 GET /tools/pdf-all-format-converter 200 in 3.4s (next.js: 384ms, generate-params: 19ms, application-code: 3.0s)
 GET /tools/pdf-all-format-converter 200 in 764ms (next.js: 36ms, generate-params: 50µs, application-code: 728ms)
 GET /manifest.webmanifest 200 in 30ms (next.js: 20ms, application-code: 10ms)
✓ Compiled in 0ms
 GET /tools 200 in 3.6s (next.js: 778ms, application-code: 2.8s)
 GET /tools/pdf-all-format-converter 200 in 1973ms (next.js: 163ms, generate-params: 16ms, application-code: 1809ms)
 GET /tools 200 in 1392ms (next.js: 361ms, application-code: 1031ms)
 GET /tools/pdf-all-format-converter 200 in 793ms (next.js: 381ms, generate-params: 18ms, application-code: 412ms)
 GET /manifest.webmanifest 200 in 25ms (next.js: 4ms, application-code: 21ms)
 GET /manifest.webmanifest 200 in 15ms (next.js: 7ms, application-code: 8ms)
✓ Compiled in 566ms
 GET /tools/pdf-all-format-converter 200 in 4.1s (next.js: 402ms, generate-params: 19ms, application-code: 3.7s)
 GET /tools 200 in 4.7s (next.js: 335ms, application-code: 4.4s)
 GET /tools 200 in 3.3s (next.js: 3.1s, application-code: 284ms)
 GET /manifest.webmanifest 200 in 436ms (next.js: 414ms, application-code: 22ms)
 GET /tools 200 in 830ms (next.js: 12ms, application-code: 819ms)
 GET /tools 200 in 557ms (next.js: 18ms, application-code: 539ms)
 GET /tools 200 in 700ms (next.js: 13ms, application-code: 687ms)
 GET /tools 200 in 563ms (next.js: 131ms, application-code: 431ms)
 GET /tools/pdf-all-format-converter 200 in 4.2s (next.js: 15ms, generate-params: 180µs, application-code: 4.2s)
 GET /manifest.webmanifest 200 in 24ms (next.js: 7ms, application-code: 16ms)
✓ Compiled in 422ms
 GET /tools 200 in 348ms (next.js: 210ms, application-code: 138ms)
 GET /manifest.webmanifest 200 in 25ms (next.js: 13ms, application-code: 12ms)
 GET /tools 200 in 2.3s (next.js: 410ms, application-code: 1922ms)
 GET /tools/pdf-all-format-converter 200 in 983ms (next.js: 478ms, generate-params: 18ms, application-code: 505ms)
 GET /manifest.webmanifest 200 in 21ms (next.js: 6ms, application-code: 15ms)
✓ Compiled in 271ms
 GET /manifest.webmanifest 200 in 65ms (next.js: 47ms, application-code: 18ms)
 GET /manifest.webmanifest 200 in 48ms (next.js: 31ms, application-code: 17ms)
 GET /tools 200 in 5.0s (next.js: 425ms, application-code: 4.6s)
 GET /tools/pdf-all-format-converter 200 in 3.7s (next.js: 431ms, generate-params: 24ms, application-code: 3.3s)
✓ Compiled in 265ms
 GET /manifest.webmanifest 200 in 24ms (next.js: 10ms, application-code: 15ms)
 GET /manifest.webmanifest 200 in 23ms (next.js: 12ms, application-code: 11ms)
 GET /tools 200 in 3.3s (next.js: 379ms, application-code: 2.9s)
 GET /tools/pdf-all-format-converter 200 in 2.1s (next.js: 592ms, generate-params: 16ms, application-code: 1485ms)
✓ Compiled in 448ms
 GET /manifest.webmanifest 200 in 61ms (next.js: 43ms, application-code: 18ms)
 GET /manifest.webmanifest 200 in 53ms (next.js: 34ms, application-code: 19ms)
 GET /tools 200 in 4.0s (next.js: 452ms, application-code: 3.5s)
 GET /tools/pdf-all-format-converter 200 in 2.4s (next.js: 463ms, generate-params: 20ms, application-code: 1959ms)
✓ Compiled in 1135ms
 GET /tools 200 in 6.1s (next.js: 462ms, application-code: 5.7s)
 GET /tools 200 in 3.5s (next.js: 3.3s, application-code: 239ms)
 GET /tools/pdf-all-format-converter 200 in 5.5s (next.js: 423ms, generate-params: 21ms, application-code: 5.1s)
 GET /manifest.webmanifest 200 in 254ms (next.js: 220ms, application-code: 34ms)
 GET /manifest.webmanifest 200 in 40ms (next.js: 16ms, application-code: 24ms)
 GET /tools 200 in 5.9s (next.js: 975ms, application-code: 4.9s)
 GET /tools/pdf-all-format-converter 200 in 4.2s (next.js: 40ms, generate-params: 90µs, application-code: 4.2s)
✓ Compiled in 351ms
 GET /manifest.webmanifest 200 in 36ms (next.js: 19ms, application-code: 17ms)
 GET /tools 200 in 1950ms (next.js: 449ms, application-code: 1500ms)
✓ Compiled in 540ms
 GET /tools/pdf-all-format-converter 200 in 4.6s (next.js: 569ms, generate-params: 25ms, application-code: 4.0s)
 GET /tools 200 in 5.5s (next.js: 457ms, application-code: 5.0s)
 GET /tools 200 in 3.5s (next.js: 3.2s, application-code: 298ms)
 GET /manifest.webmanifest 200 in 1353ms (next.js: 1287ms, application-code: 65ms)
 GET /tools 200 in 1869ms (next.js: 13ms, application-code: 1856ms)
 GET /tools 200 in 1877ms (next.js: 162ms, application-code: 1714ms)
 GET /tools 200 in 1470ms (next.js: 26ms, application-code: 1444ms)
 GET /tools 200 in 1494ms (next.js: 876ms, application-code: 618ms)
 GET /tools/pdf-all-format-converter 200 in 5.5s (next.js: 12ms, generate-params: 79µs, application-code: 5.5s)
 GET /manifest.webmanifest 200 in 19ms (next.js: 8ms, application-code: 11ms)
✓ Compiled in 460ms
 GET /tools 200 in 2.2s (next.js: 410ms, application-code: 1782ms)
 GET /tools 200 in 1500ms (next.js: 13ms, application-code: 1487ms)
 GET /tools 200 in 1261ms (next.js: 254ms, application-code: 1007ms)
 GET /tools 200 in 1271ms (next.js: 16ms, application-code: 1256ms)
 GET /tools/pdf-all-format-converter 200 in 2.4s (next.js: 57ms, generate-params: 21ms, application-code: 2.4s)
 GET /tools/pdf-all-format-converter 200 in 1724ms (next.js: 15ms, generate-params: 230µs, application-code: 1708ms)
 GET /tools/pdf-all-format-converter 200 in 865ms (next.js: 20ms, generate-params: 115µs, application-code: 844ms)
 GET /tools/pdf-all-format-converter 200 in 481ms (next.js: 19ms, generate-params: 101µs, application-code: 462ms)
 GET /manifest.webmanifest 200 in 219ms (next.js: 183ms, application-code: 37ms)
 GET /manifest.webmanifest 200 in 31ms (next.js: 13ms, application-code: 18ms)
✓ Compiled in 1070ms
✓ Compiled in 287ms
 GET /tools 200 in 1970ms (next.js: 437ms, application-code: 1532ms)
 GET /tools 200 in 694ms (next.js: 14ms, application-code: 680ms)
 GET /tools/pdf-all-format-converter 200 in 1153ms (next.js: 34ms, generate-params: 23ms, application-code: 1119ms)
 GET /tools/pdf-all-format-converter 200 in 492ms (next.js: 15ms, generate-params: 100µs, application-code: 476ms)
 GET /manifest.webmanifest 200 in 24ms (next.js: 7ms, application-code: 18ms)
 GET /manifest.webmanifest 200 in 24ms (next.js: 13ms, application-code: 11ms)
✓ Compiled in 284ms
 GET /tools 200 in 3.1s (next.js: 576ms, application-code: 2.5s)
 GET /tools 200 in 2.2s (next.js: 1122ms, application-code: 1091ms)
 GET /tools 200 in 1049ms (next.js: 187ms, application-code: 862ms)
 GET /tools 200 in 1065ms (next.js: 22ms, application-code: 1044ms)
 GET /tools 200 in 1364ms (next.js: 18ms, application-code: 1346ms)
 GET /tools/pdf-all-format-converter 200 in 3.6s (next.js: 468ms, generate-params: 27ms, application-code: 3.2s)
 GET /tools/pdf-all-format-converter 200 in 2.3s (next.js: 12ms, generate-params: 97µs, application-code: 2.3s)
 GET /tools/pdf-all-format-converter 200 in 1211ms (next.js: 11ms, generate-params: 94µs, application-code: 1200ms)
 GET /tools/pdf-all-format-converter 200 in 780ms (next.js: 17ms, generate-params: 103µs, application-code: 763ms)
 GET /tools/pdf-all-format-converter 200 in 782ms (next.js: 326ms, generate-params: 104µs, application-code: 456ms)
 GET /manifest.webmanifest 200 in 24ms (next.js: 9ms, application-code: 16ms)
 GET /manifest.webmanifest 200 in 20ms (next.js: 6ms, application-code: 13ms)
 GET /tools 200 in 1052ms (next.js: 9ms, application-code: 1043ms)
 GET /tools/salary-breakdown-calculator 200 in 1599ms (next.js: 31ms, generate-params: 18ms, application-code: 1568ms)
 GET /humanize-ai-text 200 in 5.0s (next.js: 3.8s, generate-params: 2.3s, application-code: 1210ms)
 GET /tools/salary-breakdown-calculator 200 in 781ms (next.js: 24ms, generate-params: 16ms, application-code: 756ms)
 GET /tools/salary-breakdown-calculator 200 in 862ms (next.js: 31ms, generate-params: 18ms, application-code: 831ms)
 GET /tools/pdf-all-format-converter 200 in 702ms (next.js: 15ms, generate-params: 10ms, application-code: 687ms)
 GET /manifest.webmanifest 200 in 15ms (next.js: 3ms, application-code: 12ms)
 GET / 200 in 310ms (next.js: 212ms, application-code: 99ms)
 GET /manifest.webmanifest 200 in 14ms (next.js: 7ms, application-code: 7ms)
 GET / 200 in 449ms (next.js: 15ms, application-code: 434ms)
 GET /manifest.webmanifest 200 in 16ms (next.js: 9ms, application-code: 7ms)
 GET /tools/emi-prepayment-savings-calculator 200 in 247ms (next.js: 37ms, generate-params: 19ms, application-code: 211ms)
 GET /manifest.webmanifest 200 in 18ms (next.js: 7ms, application-code: 11ms)
 GET /tools 200 in 442ms (next.js: 90ms, application-code: 353ms)
 GET /manifest.webmanifest 200 in 43ms (next.js: 11ms, application-code: 32ms)
 GET /tools/emi-prepayment-savings-calculator 200 in 552ms (next.js: 50ms, generate-params: 30ms, application-code: 502ms)
 GET /manifest.webmanifest 200 in 17ms (next.js: 6ms, application-code: 12ms)
 GET /manifest.webmanifest 200 in 35ms (next.js: 12ms, application-code: 23ms)
 GET /manifest.webmanifest 200 in 49ms (next.js: 18ms, application-code: 31ms)
✓ Compiled in 1409ms
✓ Compiled in 654ms
 GET /tools/emi-prepayment-savings-calculator 200 in 3.9s (next.js: 1006ms, generate-params: 22ms, application-code: 2.9s)
 GET /tools/emi-prepayment-savings-calculator 200 in 2.3s (next.js: 9ms, generate-params: 68µs, application-code: 2.3s)
 GET /manifest.webmanifest 200 in 28ms (next.js: 13ms, application-code: 15ms)
✓ Compiled in 982ms
 GET /tools/emi-prepayment-savings-calculator 200 in 2.4s (next.js: 546ms, generate-params: 17ms, application-code: 1898ms)
 GET /tools/emi-prepayment-savings-calculator 200 in 1533ms (next.js: 9ms, generate-params: 41µs, application-code: 1524ms)
 GET /manifest.webmanifest 200 in 311ms (next.js: 271ms, application-code: 40ms)
✓ Compiled in 446ms
 GET /manifest.webmanifest 200 in 44ms (next.js: 21ms, application-code: 23ms)
 GET /tools/emi-prepayment-savings-calculator 200 in 6.1s (next.js: 475ms, generate-params: 20ms, application-code: 5.6s)
✓ Compiled in 236ms
 GET /tools/emi-prepayment-savings-calculator 200 in 1487ms (next.js: 343ms, generate-params: 9ms, application-code: 1144ms)
 GET /manifest.webmanifest 200 in 20ms (next.js: 6ms, application-code: 14ms)
✓ Compiled in 307ms
 GET /tools/emi-prepayment-savings-calculator 200 in 1538ms (next.js: 269ms, generate-params: 8ms, application-code: 1269ms)
 GET /manifest.webmanifest 200 in 15ms (next.js: 5ms, application-code: 10ms)
✓ Compiled in 259ms
 GET /tools/emi-prepayment-savings-calculator 200 in 1878ms (next.js: 278ms, generate-params: 11ms, application-code: 1600ms)
 GET /manifest.webmanifest 200 in 16ms (next.js: 5ms, application-code: 11ms)
 GET / 200 in 1570ms (next.js: 409ms, application-code: 1162ms)
 GET /tools/salary-breakdown-calculator 200 in 1599ms (next.js: 574ms, generate-params: 15ms, application-code: 1026ms)
 GET /tools/ai-humanizer 200 in 717ms (next.js: 17ms, generate-params: 10ms, application-code: 699ms)
 GET /tools/salary-breakdown-calculator 200 in 548ms (next.js: 13ms, generate-params: 9ms, application-code: 535ms)
 GET /tools 200 in 1238ms (next.js: 424ms, application-code: 815ms)
 GET /tools 200 in 81ms (next.js: 6ms, application-code: 75ms)
 GET /manifest.webmanifest 200 in 11ms (next.js: 3ms, application-code: 8ms)
 GET /tools/assignment-answer-generator 200 in 210ms (next.js: 14ms, generate-params: 9ms, application-code: 195ms)
 GET / 200 in 91ms (next.js: 10ms, application-code: 81ms)
 GET /manifest.webmanifest 200 in 9ms (next.js: 3ms, application-code: 6ms)
 GET /manifest.webmanifest 200 in 12ms (next.js: 4ms, application-code: 8ms)
 GET /manifest.webmanifest 200 in 17ms (next.js: 5ms, application-code: 11ms)
 GET / 200 in 237ms (next.js: 5ms, application-code: 232ms)
 GET /manifest.webmanifest 200 in 16ms (next.js: 9ms, application-code: 7ms)
 GET / 200 in 163ms (next.js: 6ms, application-code: 157ms)
 GET /manifest.webmanifest 200 in 16ms (next.js: 7ms, application-code: 8ms)
 GET /tools/freelance-earnings-tax-estimator 200 in 131ms (next.js: 13ms, generate-params: 9ms, application-code: 118ms)
 GET /manifest.webmanifest 200 in 14ms (next.js: 4ms, application-code: 11ms)
 GET / 200 in 74ms (next.js: 4ms, application-code: 70ms)
 GET /manifest.webmanifest 200 in 11ms (next.js: 3ms, application-code: 8ms)
 GET /tools/fuel-cost-trip-calculator 200 in 213ms (next.js: 17ms, generate-params: 12ms, application-code: 196ms)
 GET /manifest.webmanifest 200 in 15ms (next.js: 4ms, application-code: 11ms)
