
> toolslify@1.0.0 dev
> next dev --hostname 0.0.0.0 --port 3000

▲ Next.js 16.2.1 (Turbopack)
- Local:         http://localhost:3000
- Network:       http://0.0.0.0:3000
✓ Ready in 571ms
Creating turbopack project {
  dir: 'c:\\Users\\monis\\OneDrive\\Pictures\\Documents\\toolslify',
  testMode: true
}

○ Compiling / ...
Error: Can't resolve 'tailwindcss' in 'c:\Users\monis\OneDrive\Pictures\Documents'
    [2m[at finishWithoutResolve (c:\Users\monis\OneDrive\Pictures\Documents\toolslify\node_modules\enhanced-resolve\lib\Resolver.js:587:18)][0m
    [2m[at c:\Users\monis\OneDrive\Pictures\Documents\toolslify\node_modules\enhanced-resolve\lib\Resolver.js:679:14][0m
    [2m[at c:\Users\monis\OneDrive\Pictures\Documents\toolslify\node_modules\enhanced-resolve\lib\Resolver.js:740:5][0m
    [2m[at eval (eval at create (c:\Users\monis\OneDrive\Pictures\Documents\toolslify\node_modules\tapable\lib\HookCodeFactory.js:31:10), <anonymous>:15:1)][0m
    [2m[at c:\Users\monis\OneDrive\Pictures\Documents\toolslify\node_modules\enhanced-resolve\lib\Resolver.js:740:5][0m
    [2m[at eval (eval at create (c:\Users\monis\OneDrive\Pictures\Documents\toolslify\node_modules\tapable\lib\HookCodeFactory.js:31:10), <anonymous>:16:1)][0m
    [2m[at c:\Users\monis\OneDrive\Pictures\Documents\toolslify\node_modules\enhanced-resolve\lib\Resolver.js:740:5][0m
    [2m[at eval (eval at create (c:\Users\monis\OneDrive\Pictures\Documents\toolslify\node_modules\tapable\lib\HookCodeFactory.js:31:10), <anonymous>:15:1)][0m
    [2m[at c:\Users\monis\OneDrive\Pictures\Documents\toolslify\node_modules\enhanced-resolve\lib\Resolver.js:740:5][0m
    [2m[at eval (eval at create (c:\Users\monis\OneDrive\Pictures\Documents\toolslify\node_modules\tapable\lib\HookCodeFactory.js:31:10), <anonymous>:15:1)][0m {
  details: "resolve 'tailwindcss' in 'c:\\Users\\monis\\OneDrive\\Pictures\\Documents'\n" +
    '  Parsed request is a module\n' +
    '  No description file found in c:\\Users\\monis\\OneDrive\\Pictures\\Documents or above\n' +
    '  resolve as module\n' +
    "    c:\\Users\\monis\\OneDrive\\Pictures\\Documents\\node_modules doesn't exist or is not a directory\n" +
    "    c:\\Users\\monis\\OneDrive\\Pictures\\node_modules doesn't exist or is not a directory\n" +
    "    c:\\Users\\monis\\OneDrive\\node_modules doesn't exist or is not a directory\n" +
    "    c:\\Users\\monis\\node_modules doesn't exist or is not a directory\n" +
    "    c:\\Users\\node_modules doesn't exist or is not a directory\n" +
    "    c:\\node_modules doesn't exist or is not a directory"
}
Error: Can't resolve 'tailwindcss' in 'c:\Users\monis\OneDrive\Pictures\Documents'
    [2m[at finishWithoutResolve (c:\Users\monis\OneDrive\Pictures\Documents\toolslify\node_modules\enhanced-resolve\lib\Resolver.js:587:18)][0m
    [2m[at c:\Users\monis\OneDrive\Pictures\Documents\toolslify\node_modules\enhanced-resolve\lib\Resolver.js:679:14][0m
    [2m[at c:\Users\monis\OneDrive\Pictures\Documents\toolslify\node_modules\enhanced-resolve\lib\Resolver.js:740:5][0m
    [2m[at eval (eval at create (c:\Users\monis\OneDrive\Pictures\Documents\toolslify\node_modules\tapable\lib\HookCodeFactory.js:31:10), <anonymous>:15:1)][0m
    [2m[at c:\Users\monis\OneDrive\Pictures\Documents\toolslify\node_modules\enhanced-resolve\lib\Resolver.js:740:5][0m
    [2m[at eval (eval at create (c:\Users\monis\OneDrive\Pictures\Documents\toolslify\node_modules\tapable\lib\HookCodeFactory.js:31:10), <anonymous>:16:1)][0m
    [2m[at c:\Users\monis\OneDrive\Pictures\Documents\toolslify\node_modules\enhanced-resolve\lib\Resolver.js:740:5][0m
    [2m[at eval (eval at create (c:\Users\monis\OneDrive\Pictures\Documents\toolslify\node_modules\tapable\lib\HookCodeFactory.js:31:10), <anonymous>:15:1)][0m
    [2m[at c:\Users\monis\OneDrive\Pictures\Documents\toolslify\node_modules\enhanced-resolve\lib\Resolver.js:740:5][0m
    [2m[at eval (eval at create (c:\Users\monis\OneDrive\Pictures\Documents\toolslify\node_modules\tapable\lib\HookCodeFactory.js:31:10), <anonymous>:15:1)][0m {
  details: "resolve 'tailwindcss' in 'c:\\Users\\monis\\OneDrive\\Pictures\\Documents'\n" +
    '  Parsed request is a module\n' +
    '  No description file found in c:\\Users\\monis\\OneDrive\\Pictures\\Documents or above\n' +
    '  resolve as module\n' +
    "    c:\\Users\\monis\\OneDrive\\Pictures\\Documents\\node_modules doesn't exist or is not a directory\n" +
    "    c:\\Users\\monis\\OneDrive\\Pictures\\node_modules doesn't exist or is not a directory\n" +
    "    c:\\Users\\monis\\OneDrive\\node_modules doesn't exist or is not a directory\n" +
    "    c:\\Users\\monis\\node_modules doesn't exist or is not a directory\n" +
    "    c:\\Users\\node_modules doesn't exist or is not a directory\n" +
    "    c:\\node_modules doesn't exist or is not a directory"
}
